Build started 1/8/2017 5:12:09 PM.
     1>Project "d:\Users\bishal santra\documents\visual studio 2013\Projects\cuMatPro_v1\cuMatPro_v1\cuMatPro_v1.vcxproj" on node 2 (Build target(s)).
     1>AddCudaCompileDeps:
         D:\Program Files (x86)\Microsoft Visual Studio 12.0\VC\bin\x86_amd64\cl.exe /E /nologo /showIncludes /TP /D__CUDACC__ /DWIN32 /DWIN64 /D_DEBUG /D_CONSOLE /D_MBCS /ID:\ProgramData\opencv\build\include /I"C:\Program Files\NVIDIA GPU Computing Toolkit\CUDA\v8.0\include" /I"C:\Program Files\NVIDIA GPU Computing Toolkit\CUDA\v8.0\bin" /I"C:\Program Files\NVIDIA GPU Computing Toolkit\CUDA\v8.0\include" /I. /FIcuda_runtime.h /c "d:\Users\bishal santra\documents\visual studio 2013\Projects\cuMatPro_v1\cuMatPro_v1\kernel.cu" 
     1>Project "d:\Users\bishal santra\documents\visual studio 2013\Projects\cuMatPro_v1\cuMatPro_v1\cuMatPro_v1.vcxproj" (1) is building "d:\Users\bishal santra\documents\visual studio 2013\Projects\cuMatPro_v1\cuMatPro_v1\cuMatPro_v1.vcxproj" (1:2) on node 2 (CudaBuildCore target(s)).
     1>CudaBuildCore:
         Compiling CUDA source file kernel.cu...
         cmd.exe /C "D:\Users\Bishal Santra\AppData\Local\Temp\tmp6c4eb9973c6d4fbc9c6e7154f5524324.cmd"
         "C:\Program Files\NVIDIA GPU Computing Toolkit\CUDA\v8.0\bin\nvcc.exe" -gencode=arch=compute_50,code=\"sm_50,compute_50\" --use-local-env --cl-version 2013 -ccbin "D:\Program Files (x86)\Microsoft Visual Studio 12.0\VC\bin\x86_amd64"  -ID:\ProgramData\opencv\build\include -I"C:\Program Files\NVIDIA GPU Computing Toolkit\CUDA\v8.0\include" -I"C:\Program Files\NVIDIA GPU Computing Toolkit\CUDA\v8.0\include"  -G   --keep-dir x64\Debug -maxrregcount=0  --machine 64 --compile -cudart static -lcublas -g   -DWIN32 -DWIN64 -D_DEBUG -D_CONSOLE -D_MBCS -Xcompiler "/EHsc /W3 /nologo /Od /FS /Zi /RTC1 /MDd " -o x64\Debug\kernel.cu.obj "d:\Users\bishal santra\documents\visual studio 2013\Projects\cuMatPro_v1\cuMatPro_v1\kernel.cu"
         
         d:\Users\bishal santra\documents\visual studio 2013\Projects\cuMatPro_v1\cuMatPro_v1>"C:\Program Files\NVIDIA GPU Computing Toolkit\CUDA\v8.0\bin\nvcc.exe" -gencode=arch=compute_50,code=\"sm_50,compute_50\" --use-local-env --cl-version 2013 -ccbin "D:\Program Files (x86)\Microsoft Visual Studio 12.0\VC\bin\x86_amd64"  -ID:\ProgramData\opencv\build\include -I"C:\Program Files\NVIDIA GPU Computing Toolkit\CUDA\v8.0\include" -I"C:\Program Files\NVIDIA GPU Computing Toolkit\CUDA\v8.0\include"  -G   --keep-dir x64\Debug -maxrregcount=0  --machine 64 --compile -cudart static -lcublas -g   -DWIN32 -DWIN64 -D_DEBUG -D_CONSOLE -D_MBCS -Xcompiler "/EHsc /W3 /nologo /Od /FS /Zi /RTC1 /MDd " -o x64\Debug\kernel.cu.obj "d:\Users\bishal santra\documents\visual studio 2013\Projects\cuMatPro_v1\cuMatPro_v1\kernel.cu" 
     1>D:\ProgramData\opencv\build\include\opencv2/core/base.hpp(363): warning : function declared with "noreturn" does return
     1>d:\users\bishal santra\documents\visual studio 2013\projects\cumatpro_v1\cumatpro_v1\gpuMat.h(29): error : expected a ","
     1>d:\users\bishal santra\documents\visual studio 2013\projects\cumatpro_v1\cumatpro_v1\gpuMat.h(35): warning : parsing restarts here after previous syntax error
     1>d:\users\bishal santra\documents\visual studio 2013\projects\cumatpro_v1\cumatpro_v1\gpuMat.h(29): error : no instance of overloaded function "get" matches the required type
     1>d:\users\bishal santra\documents\visual studio 2013\projects\cumatpro_v1\cumatpro_v1\gpuMat.h(29): error : expected a ","
     1>d:\users\bishal santra\documents\visual studio 2013\projects\cumatpro_v1\cumatpro_v1\gpuMat.h(35): warning : parsing restarts here after previous syntax error
     1>d:\users\bishal santra\documents\visual studio 2013\projects\cumatpro_v1\cumatpro_v1\gpuMat.h(29): error : no instance of overloaded function "get" matches the required type
     1>d:\users\bishal santra\documents\visual studio 2013\projects\cumatpro_v1\cumatpro_v1\gpuMat.h(29): error : expected a ","
     1>d:\users\bishal santra\documents\visual studio 2013\projects\cumatpro_v1\cumatpro_v1\gpuMat.h(35): warning : parsing restarts here after previous syntax error
     1>d:\users\bishal santra\documents\visual studio 2013\projects\cumatpro_v1\cumatpro_v1\gpuMat.h(29): error : no instance of overloaded function "get" matches the required type
         kernel.cu
     1>C:\Program Files (x86)\MSBuild\Microsoft.Cpp\v4.0\V120\BuildCustomizations\CUDA 8.0.targets(687,9): error MSB3721: The command ""C:\Program Files\NVIDIA GPU Computing Toolkit\CUDA\v8.0\bin\nvcc.exe" -gencode=arch=compute_50,code=\"sm_50,compute_50\" --use-local-env --cl-version 2013 -ccbin "D:\Program Files (x86)\Microsoft Visual Studio 12.0\VC\bin\x86_amd64"  -ID:\ProgramData\opencv\build\include -I"C:\Program Files\NVIDIA GPU Computing Toolkit\CUDA\v8.0\include" -I"C:\Program Files\NVIDIA GPU Computing Toolkit\CUDA\v8.0\include"  -G   --keep-dir x64\Debug -maxrregcount=0  --machine 64 --compile -cudart static -lcublas -g   -DWIN32 -DWIN64 -D_DEBUG -D_CONSOLE -D_MBCS -Xcompiler "/EHsc /W3 /nologo /Od /FS /Zi /RTC1 /MDd " -o x64\Debug\kernel.cu.obj "d:\Users\bishal santra\documents\visual studio 2013\Projects\cuMatPro_v1\cuMatPro_v1\kernel.cu"" exited with code 2.
     1>Done Building Project "d:\Users\bishal santra\documents\visual studio 2013\Projects\cuMatPro_v1\cuMatPro_v1\cuMatPro_v1.vcxproj" (CudaBuildCore target(s)) -- FAILED.
     1>Done Building Project "d:\Users\bishal santra\documents\visual studio 2013\Projects\cuMatPro_v1\cuMatPro_v1\cuMatPro_v1.vcxproj" (Build target(s)) -- FAILED.

Build FAILED.

Time Elapsed 00:00:02.53
