Build started 1/12/2017 10:27:34 PM.
     1>Project "d:\Users\bishal santra\documents\visual studio 2013\Projects\cuMatPro_v1\cuMatPro_v1\cuMatPro_v1.vcxproj" on node 2 (Build target(s)).
     1>AddCudaCompileDeps:
         D:\Program Files (x86)\Microsoft Visual Studio 12.0\VC\bin\cl.exe /E /nologo /showIncludes /TP /D__CUDACC__ /DWIN32 /D_DEBUG /D_CONSOLE /D_MBCS /I"C:\Program Files\NVIDIA GPU Computing Toolkit\CUDA\v8.0\include" /I"C:\Program Files\NVIDIA GPU Computing Toolkit\CUDA\v8.0\bin" /I"C:\Program Files\NVIDIA GPU Computing Toolkit\CUDA\v8.0\include" /I. /FIcuda_runtime.h /c "d:\Users\bishal santra\documents\visual studio 2013\Projects\cuMatPro_v1\cuMatPro_v1\kernel.cu" 
       AddCudaCompileDeps:
         D:\Program Files (x86)\Microsoft Visual Studio 12.0\VC\bin\cl.exe /E /nologo /showIncludes /TP /D__CUDACC__ /DWIN32 /D_DEBUG /D_CONSOLE /D_MBCS /I"C:\Program Files\NVIDIA GPU Computing Toolkit\CUDA\v8.0\include" /I"C:\Program Files\NVIDIA GPU Computing Toolkit\CUDA\v8.0\bin" /I"C:\Program Files\NVIDIA GPU Computing Toolkit\CUDA\v8.0\include" /I. /FIcuda_runtime.h /c "d:\Users\bishal santra\documents\visual studio 2013\Projects\cuMatPro_v1\cuMatPro_v1\Random_kernels.cu" 
     1>Project "d:\Users\bishal santra\documents\visual studio 2013\Projects\cuMatPro_v1\cuMatPro_v1\cuMatPro_v1.vcxproj" (1) is building "d:\Users\bishal santra\documents\visual studio 2013\Projects\cuMatPro_v1\cuMatPro_v1\cuMatPro_v1.vcxproj" (1:2) on node 2 (CudaBuildCore target(s)).
     1>CudaBuildCore:
         Compiling CUDA source file kernel.cu...
     1>Project "d:\Users\bishal santra\documents\visual studio 2013\Projects\cuMatPro_v1\cuMatPro_v1\cuMatPro_v1.vcxproj" (1) is building "d:\Users\bishal santra\documents\visual studio 2013\Projects\cuMatPro_v1\cuMatPro_v1\cuMatPro_v1.vcxproj" (1:3) on node 1 (CudaBuildCore target(s)).
     1>CudaBuildCore:
         Compiling CUDA source file Random_kernels.cu...
     1>CudaBuildCore:
         cmd.exe /C "D:\Users\Bishal Santra\AppData\Local\Temp\tmp826b3aba05514c3a9516fa1a96d50869.cmd"
         "C:\Program Files\NVIDIA GPU Computing Toolkit\CUDA\v8.0\bin\nvcc.exe" -gencode=arch=compute_20,code=\"sm_20,compute_20\" --use-local-env --cl-version 2013 -ccbin "D:\Program Files (x86)\Microsoft Visual Studio 12.0\VC\bin"  -I"C:\Program Files\NVIDIA GPU Computing Toolkit\CUDA\v8.0\include" -I"C:\Program Files\NVIDIA GPU Computing Toolkit\CUDA\v8.0\include"  -G   --keep-dir Debug -maxrregcount=0  --machine 32 --compile -cudart static  -g   -DWIN32 -D_DEBUG -D_CONSOLE -D_MBCS -Xcompiler "/EHsc /W3 /nologo /Od /FS /Zi /RTC1 /MDd " -o Debug\kernel.cu.obj "d:\Users\bishal santra\documents\visual studio 2013\Projects\cuMatPro_v1\cuMatPro_v1\kernel.cu"
         
         d:\Users\bishal santra\documents\visual studio 2013\Projects\cuMatPro_v1\cuMatPro_v1>"C:\Program Files\NVIDIA GPU Computing Toolkit\CUDA\v8.0\bin\nvcc.exe" -gencode=arch=compute_20,code=\"sm_20,compute_20\" --use-local-env --cl-version 2013 -ccbin "D:\Program Files (x86)\Microsoft Visual Studio 12.0\VC\bin"  -I"C:\Program Files\NVIDIA GPU Computing Toolkit\CUDA\v8.0\include" -I"C:\Program Files\NVIDIA GPU Computing Toolkit\CUDA\v8.0\include"  -G   --keep-dir Debug -maxrregcount=0  --machine 32 --compile -cudart static  -g   -DWIN32 -D_DEBUG -D_CONSOLE -D_MBCS -Xcompiler "/EHsc /W3 /nologo /Od /FS /Zi /RTC1 /MDd " -o Debug\kernel.cu.obj "d:\Users\bishal santra\documents\visual studio 2013\Projects\cuMatPro_v1\cuMatPro_v1\kernel.cu" 
     1>CudaBuildCore:
         cmd.exe /C "D:\Users\Bishal Santra\AppData\Local\Temp\tmpbb7f97f65c22492e9148de3c75ff6c33.cmd"
         "C:\Program Files\NVIDIA GPU Computing Toolkit\CUDA\v8.0\bin\nvcc.exe" -gencode=arch=compute_20,code=\"sm_20,compute_20\" --use-local-env --cl-version 2013 -ccbin "D:\Program Files (x86)\Microsoft Visual Studio 12.0\VC\bin"  -I"C:\Program Files\NVIDIA GPU Computing Toolkit\CUDA\v8.0\include" -I"C:\Program Files\NVIDIA GPU Computing Toolkit\CUDA\v8.0\include"  -G   --keep-dir Debug -maxrregcount=0  --machine 32 --compile -cudart static  -g   -DWIN32 -D_DEBUG -D_CONSOLE -D_MBCS -Xcompiler "/EHsc /W3 /nologo /Od /FS /Zi /RTC1 /MDd " -o Debug\Random_kernels.cu.obj "d:\Users\bishal santra\documents\visual studio 2013\Projects\cuMatPro_v1\cuMatPro_v1\Random_kernels.cu"
         
         d:\Users\bishal santra\documents\visual studio 2013\Projects\cuMatPro_v1\cuMatPro_v1>"C:\Program Files\NVIDIA GPU Computing Toolkit\CUDA\v8.0\bin\nvcc.exe" -gencode=arch=compute_20,code=\"sm_20,compute_20\" --use-local-env --cl-version 2013 -ccbin "D:\Program Files (x86)\Microsoft Visual Studio 12.0\VC\bin"  -I"C:\Program Files\NVIDIA GPU Computing Toolkit\CUDA\v8.0\include" -I"C:\Program Files\NVIDIA GPU Computing Toolkit\CUDA\v8.0\include"  -G   --keep-dir Debug -maxrregcount=0  --machine 32 --compile -cudart static  -g   -DWIN32 -D_DEBUG -D_CONSOLE -D_MBCS -Xcompiler "/EHsc /W3 /nologo /Od /FS /Zi /RTC1 /MDd " -o Debug\Random_kernels.cu.obj "d:\Users\bishal santra\documents\visual studio 2013\Projects\cuMatPro_v1\cuMatPro_v1\Random_kernels.cu" 
     1>d:\users\bishal santra\documents\visual studio 2013\projects\cumatpro_v1\cumatpro_v1\ImLoader.cu.h(3): fatal error C1083: Cannot open include file: 'opencv2/core.hpp': No such file or directory
     1>CUDACOMPILE : nvcc warning : The 'compute_20', 'sm_20', and 'sm_21' architectures are deprecated, and may be removed in a future release (Use -Wno-deprecated-gpu-targets to suppress warning).
         kernel.cu
     1>C:\Program Files (x86)\MSBuild\Microsoft.Cpp\v4.0\V120\BuildCustomizations\CUDA 8.0.targets(687,9): error MSB3721: The command ""C:\Program Files\NVIDIA GPU Computing Toolkit\CUDA\v8.0\bin\nvcc.exe" -gencode=arch=compute_20,code=\"sm_20,compute_20\" --use-local-env --cl-version 2013 -ccbin "D:\Program Files (x86)\Microsoft Visual Studio 12.0\VC\bin"  -I"C:\Program Files\NVIDIA GPU Computing Toolkit\CUDA\v8.0\include" -I"C:\Program Files\NVIDIA GPU Computing Toolkit\CUDA\v8.0\include"  -G   --keep-dir Debug -maxrregcount=0  --machine 32 --compile -cudart static  -g   -DWIN32 -D_DEBUG -D_CONSOLE -D_MBCS -Xcompiler "/EHsc /W3 /nologo /Od /FS /Zi /RTC1 /MDd " -o Debug\kernel.cu.obj "d:\Users\bishal santra\documents\visual studio 2013\Projects\cuMatPro_v1\cuMatPro_v1\kernel.cu"" exited with code 2.
     1>Done Building Project "d:\Users\bishal santra\documents\visual studio 2013\Projects\cuMatPro_v1\cuMatPro_v1\cuMatPro_v1.vcxproj" (CudaBuildCore target(s)) -- FAILED.
     1>d:/Users/bishal santra/documents/visual studio 2013/Projects/cuMatPro_v1/cuMatPro_v1/Random_kernels.cu(32): warning : variable "extra" was declared but never referenced
     1>d:/Users/bishal santra/documents/visual studio 2013/Projects/cuMatPro_v1/cuMatPro_v1/Random_kernels.cu(62): warning : variable "alpha" was declared but never referenced
     1>d:/Users/bishal santra/documents/visual studio 2013/Projects/cuMatPro_v1/cuMatPro_v1/Random_kernels.cu(63): warning : variable "beta" was declared but never referenced
     1>d:/Users/bishal santra/documents/visual studio 2013/Projects/cuMatPro_v1/cuMatPro_v1/Random_kernels.cu(32): warning : variable "extra" was declared but never referenced
     1>d:/Users/bishal santra/documents/visual studio 2013/Projects/cuMatPro_v1/cuMatPro_v1/Random_kernels.cu(62): warning : variable "alpha" was declared but never referenced
     1>d:/Users/bishal santra/documents/visual studio 2013/Projects/cuMatPro_v1/cuMatPro_v1/Random_kernels.cu(63): warning : variable "beta" was declared but never referenced
     1>CUDACOMPILE : nvcc warning : The 'compute_20', 'sm_20', and 'sm_21' architectures are deprecated, and may be removed in a future release (Use -Wno-deprecated-gpu-targets to suppress warning).
         Random_kernels.cu
     1>Done Building Project "d:\Users\bishal santra\documents\visual studio 2013\Projects\cuMatPro_v1\cuMatPro_v1\cuMatPro_v1.vcxproj" (CudaBuildCore target(s)).
     1>Done Building Project "d:\Users\bishal santra\documents\visual studio 2013\Projects\cuMatPro_v1\cuMatPro_v1\cuMatPro_v1.vcxproj" (Build target(s)) -- FAILED.

Build FAILED.

Time Elapsed 00:00:04.97
